<?xml version="1.0" encoding="UTF-8"?>
<testsuite xmlns:xsi="http://www.w3.org/2001/XMLSchema-instance" xsi:noNamespaceSchemaLocation="https://maven.apache.org/surefire/maven-surefire-plugin/xsd/surefire-test-report-3.0.xsd" version="3.0" name="com.example.AppTest" time="0.104" tests="1" errors="0" skipped="0" failures="0">
  <properties>
    <property name="java.specification.version" value="23"/>
    <property name="sun.cpu.isalist" value="amd64"/>
    <property name="sun.jnu.encoding" value="Cp1252"/>
    <property name="java.class.path" value="C:\Users\Admin\OneDrive\Projects\Java\techcrunch-scraper\target\test-classes;C:\Users\Admin\OneDrive\Projects\Java\techcrunch-scraper\target\classes;C:\Users\Admin\.m2\repository\junit\junit\3.8.1\junit-3.8.1.jar;C:\Users\Admin\.m2\repository\com\fasterxml\jackson\core\jackson-databind\2.14.0\jackson-databind-2.14.0.jar;C:\Users\Admin\.m2\repository\com\fasterxml\jackson\core\jackson-annotations\2.14.0\jackson-annotations-2.14.0.jar;C:\Users\Admin\.m2\repository\org\jsoup\jsoup\1.15.3\jsoup-1.15.3.jar;C:\Users\Admin\.m2\repository\org\htmlunit\htmlunit\4.11.1\htmlunit-4.11.1.jar;C:\Users\Admin\.m2\repository\org\apache\httpcomponents\httpmime\4.5.14\httpmime-4.5.14.jar;C:\Users\Admin\.m2\repository\org\apache\httpcomponents\httpclient\4.5.14\httpclient-4.5.14.jar;C:\Users\Admin\.m2\repository\org\apache\httpcomponents\httpcore\4.4.16\httpcore-4.4.16.jar;C:\Users\Admin\.m2\repository\org\htmlunit\htmlunit-core-js\4.11.0\htmlunit-core-js-4.11.0.jar;C:\Users\Admin\.m2\repository\org\htmlunit\neko-htmlunit\4.11.0\neko-htmlunit-4.11.0.jar;C:\Users\Admin\.m2\repository\org\htmlunit\htmlunit-cssparser\4.11.0\htmlunit-cssparser-4.11.0.jar;C:\Users\Admin\.m2\repository\org\htmlunit\htmlunit-xpath\4.11.0\htmlunit-xpath-4.11.0.jar;C:\Users\Admin\.m2\repository\org\htmlunit\htmlunit-csp\4.11.0\htmlunit-csp-4.11.0.jar;C:\Users\Admin\.m2\repository\org\htmlunit\htmlunit-websocket-client\4.11.0\htmlunit-websocket-client-4.11.0.jar;C:\Users\Admin\.m2\repository\org\apache\commons\commons-lang3\3.17.0\commons-lang3-3.17.0.jar;C:\Users\Admin\.m2\repository\commons-io\commons-io\2.18.0\commons-io-2.18.0.jar;C:\Users\Admin\.m2\repository\commons-logging\commons-logging\1.3.5\commons-logging-1.3.5.jar;C:\Users\Admin\.m2\repository\org\brotli\dec\0.1.2\dec-0.1.2.jar;C:\Users\Admin\.m2\repository\org\apache\logging\log4j\log4j-api\2.20.0\log4j-api-2.20.0.jar;C:\Users\Admin\.m2\repository\net\sourceforge\htmlunit\htmlunit\2.67.0\htmlunit-2.67.0.jar;C:\Users\Admin\.m2\repository\net\sourceforge\htmlunit\htmlunit-core-js\2.67.0\htmlunit-core-js-2.67.0.jar;C:\Users\Admin\.m2\repository\net\sourceforge\htmlunit\neko-htmlunit\2.67.0\neko-htmlunit-2.67.0.jar;C:\Users\Admin\.m2\repository\xerces\xercesImpl\2.12.2\xercesImpl-2.12.2.jar;C:\Users\Admin\.m2\repository\xml-apis\xml-apis\1.4.01\xml-apis-1.4.01.jar;C:\Users\Admin\.m2\repository\net\sourceforge\htmlunit\htmlunit-cssparser\1.12.0\htmlunit-cssparser-1.12.0.jar;C:\Users\Admin\.m2\repository\net\sourceforge\htmlunit\htmlunit-xpath\2.67.0\htmlunit-xpath-2.67.0.jar;C:\Users\Admin\.m2\repository\org\apache\commons\commons-text\1.10.0\commons-text-1.10.0.jar;C:\Users\Admin\.m2\repository\commons-net\commons-net\3.8.0\commons-net-3.8.0.jar;C:\Users\Admin\.m2\repository\commons-codec\commons-codec\1.15\commons-codec-1.15.jar;C:\Users\Admin\.m2\repository\com\shapesecurity\salvation2\3.0.1\salvation2-3.0.1.jar;C:\Users\Admin\.m2\repository\org\eclipse\jetty\websocket\websocket-client\9.4.49.v20220914\websocket-client-9.4.49.v20220914.jar;C:\Users\Admin\.m2\repository\org\eclipse\jetty\jetty-client\9.4.49.v20220914\jetty-client-9.4.49.v20220914.jar;C:\Users\Admin\.m2\repository\org\eclipse\jetty\jetty-http\9.4.49.v20220914\jetty-http-9.4.49.v20220914.jar;C:\Users\Admin\.m2\repository\org\eclipse\jetty\jetty-util\9.4.49.v20220914\jetty-util-9.4.49.v20220914.jar;C:\Users\Admin\.m2\repository\org\eclipse\jetty\jetty-io\9.4.49.v20220914\jetty-io-9.4.49.v20220914.jar;C:\Users\Admin\.m2\repository\org\eclipse\jetty\websocket\websocket-common\9.4.49.v20220914\websocket-common-9.4.49.v20220914.jar;C:\Users\Admin\.m2\repository\org\eclipse\jetty\websocket\websocket-api\9.4.49.v20220914\websocket-api-9.4.49.v20220914.jar;C:\Users\Admin\.m2\repository\com\fasterxml\jackson\core\jackson-core\2.14.0\jackson-core-2.14.0.jar;"/>
    <property name="java.vm.vendor" value="Oracle Corporation"/>
    <property name="sun.arch.data.model" value="64"/>
    <property name="user.variant" value=""/>
    <property name="java.vendor.url" value="https://java.oracle.com/"/>
    <property name="user.timezone" value="America/Phoenix"/>
    <property name="os.name" value="Windows 11"/>
    <property name="java.vm.specification.version" value="23"/>
    <property name="sun.java.launcher" value="SUN_STANDARD"/>
    <property name="user.country" value="US"/>
    <property name="sun.boot.library.path" value="C:\Program Files\Java\jdk-23\bin"/>
    <property name="sun.java.command" value="C:\Users\Admin\AppData\Local\Temp\surefire11323737452701835592\surefirebooter-20250329221755036_3.jar C:\Users\Admin\AppData\Local\Temp\surefire11323737452701835592 2025-03-29T22-17-54_761-jvmRun1 surefire-20250329221755036_1tmp surefire_0-20250329221755036_2tmp"/>
    <property name="jdk.debug" value="release"/>
    <property name="surefire.test.class.path" value="C:\Users\Admin\OneDrive\Projects\Java\techcrunch-scraper\target\test-classes;C:\Users\Admin\OneDrive\Projects\Java\techcrunch-scraper\target\classes;C:\Users\Admin\.m2\repository\junit\junit\3.8.1\junit-3.8.1.jar;C:\Users\Admin\.m2\repository\com\fasterxml\jackson\core\jackson-databind\2.14.0\jackson-databind-2.14.0.jar;C:\Users\Admin\.m2\repository\com\fasterxml\jackson\core\jackson-annotations\2.14.0\jackson-annotations-2.14.0.jar;C:\Users\Admin\.m2\repository\org\jsoup\jsoup\1.15.3\jsoup-1.15.3.jar;C:\Users\Admin\.m2\repository\org\htmlunit\htmlunit\4.11.1\htmlunit-4.11.1.jar;C:\Users\Admin\.m2\repository\org\apache\httpcomponents\httpmime\4.5.14\httpmime-4.5.14.jar;C:\Users\Admin\.m2\repository\org\apache\httpcomponents\httpclient\4.5.14\httpclient-4.5.14.jar;C:\Users\Admin\.m2\repository\org\apache\httpcomponents\httpcore\4.4.16\httpcore-4.4.16.jar;C:\Users\Admin\.m2\repository\org\htmlunit\htmlunit-core-js\4.11.0\htmlunit-core-js-4.11.0.jar;C:\Users\Admin\.m2\repository\org\htmlunit\neko-htmlunit\4.11.0\neko-htmlunit-4.11.0.jar;C:\Users\Admin\.m2\repository\org\htmlunit\htmlunit-cssparser\4.11.0\htmlunit-cssparser-4.11.0.jar;C:\Users\Admin\.m2\repository\org\htmlunit\htmlunit-xpath\4.11.0\htmlunit-xpath-4.11.0.jar;C:\Users\Admin\.m2\repository\org\htmlunit\htmlunit-csp\4.11.0\htmlunit-csp-4.11.0.jar;C:\Users\Admin\.m2\repository\org\htmlunit\htmlunit-websocket-client\4.11.0\htmlunit-websocket-client-4.11.0.jar;C:\Users\Admin\.m2\repository\org\apache\commons\commons-lang3\3.17.0\commons-lang3-3.17.0.jar;C:\Users\Admin\.m2\repository\commons-io\commons-io\2.18.0\commons-io-2.18.0.jar;C:\Users\Admin\.m2\repository\commons-logging\commons-logging\1.3.5\commons-logging-1.3.5.jar;C:\Users\Admin\.m2\repository\org\brotli\dec\0.1.2\dec-0.1.2.jar;C:\Users\Admin\.m2\repository\org\apache\logging\log4j\log4j-api\2.20.0\log4j-api-2.20.0.jar;C:\Users\Admin\.m2\repository\net\sourceforge\htmlunit\htmlunit\2.67.0\htmlunit-2.67.0.jar;C:\Users\Admin\.m2\repository\net\sourceforge\htmlunit\htmlunit-core-js\2.67.0\htmlunit-core-js-2.67.0.jar;C:\Users\Admin\.m2\repository\net\sourceforge\htmlunit\neko-htmlunit\2.67.0\neko-htmlunit-2.67.0.jar;C:\Users\Admin\.m2\repository\xerces\xercesImpl\2.12.2\xercesImpl-2.12.2.jar;C:\Users\Admin\.m2\repository\xml-apis\xml-apis\1.4.01\xml-apis-1.4.01.jar;C:\Users\Admin\.m2\repository\net\sourceforge\htmlunit\htmlunit-cssparser\1.12.0\htmlunit-cssparser-1.12.0.jar;C:\Users\Admin\.m2\repository\net\sourceforge\htmlunit\htmlunit-xpath\2.67.0\htmlunit-xpath-2.67.0.jar;C:\Users\Admin\.m2\repository\org\apache\commons\commons-text\1.10.0\commons-text-1.10.0.jar;C:\Users\Admin\.m2\repository\commons-net\commons-net\3.8.0\commons-net-3.8.0.jar;C:\Users\Admin\.m2\repository\commons-codec\commons-codec\1.15\commons-codec-1.15.jar;C:\Users\Admin\.m2\repository\com\shapesecurity\salvation2\3.0.1\salvation2-3.0.1.jar;C:\Users\Admin\.m2\repository\org\eclipse\jetty\websocket\websocket-client\9.4.49.v20220914\websocket-client-9.4.49.v20220914.jar;C:\Users\Admin\.m2\repository\org\eclipse\jetty\jetty-client\9.4.49.v20220914\jetty-client-9.4.49.v20220914.jar;C:\Users\Admin\.m2\repository\org\eclipse\jetty\jetty-http\9.4.49.v20220914\jetty-http-9.4.49.v20220914.jar;C:\Users\Admin\.m2\repository\org\eclipse\jetty\jetty-util\9.4.49.v20220914\jetty-util-9.4.49.v20220914.jar;C:\Users\Admin\.m2\repository\org\eclipse\jetty\jetty-io\9.4.49.v20220914\jetty-io-9.4.49.v20220914.jar;C:\Users\Admin\.m2\repository\org\eclipse\jetty\websocket\websocket-common\9.4.49.v20220914\websocket-common-9.4.49.v20220914.jar;C:\Users\Admin\.m2\repository\org\eclipse\jetty\websocket\websocket-api\9.4.49.v20220914\websocket-api-9.4.49.v20220914.jar;C:\Users\Admin\.m2\repository\com\fasterxml\jackson\core\jackson-core\2.14.0\jackson-core-2.14.0.jar;"/>
    <property name="sun.cpu.endian" value="little"/>
    <property name="user.home" value="C:\Users\Admin"/>
    <property name="user.language" value="en"/>
    <property name="java.specification.vendor" value="Oracle Corporation"/>
    <property name="java.version.date" value="2025-01-21"/>
    <property name="java.home" value="C:\Program Files\Java\jdk-23"/>
    <property name="file.separator" value="\"/>
    <property name="basedir" value="C:\Users\Admin\OneDrive\Projects\Java\techcrunch-scraper"/>
    <property name="java.vm.compressedOopsMode" value="Zero based"/>
    <property name="line.separator" value="&#10;"/>
    <property name="java.vm.specification.vendor" value="Oracle Corporation"/>
    <property name="java.specification.name" value="Java Platform API Specification"/>
    <property name="surefire.real.class.path" value="C:\Users\Admin\AppData\Local\Temp\surefire11323737452701835592\surefirebooter-20250329221755036_3.jar"/>
    <property name="user.script" value=""/>
    <property name="sun.management.compiler" value="HotSpot 64-Bit Tiered Compilers"/>
    <property name="java.runtime.version" value="23.0.2+7-58"/>
    <property name="user.name" value="Admin"/>
    <property name="stdout.encoding" value="Cp1252"/>
    <property name="path.separator" value=";"/>
    <property name="os.version" value="10.0"/>
    <property name="java.runtime.name" value="Java(TM) SE Runtime Environment"/>
    <property name="file.encoding" value="UTF-8"/>
    <property name="java.vm.name" value="Java HotSpot(TM) 64-Bit Server VM"/>
    <property name="localRepository" value="C:\Users\Admin\.m2\repository"/>
    <property name="java.vendor.url.bug" value="https://bugreport.java.com/bugreport/"/>
    <property name="java.io.tmpdir" value="C:\Users\Admin\AppData\Local\Temp\"/>
    <property name="java.version" value="23.0.2"/>
    <property name="user.dir" value="C:\Users\Admin\OneDrive\Projects\Java\techcrunch-scraper"/>
    <property name="os.arch" value="amd64"/>
    <property name="java.vm.specification.name" value="Java Virtual Machine Specification"/>
    <property name="sun.os.patch.level" value=""/>
    <property name="native.encoding" value="Cp1252"/>
    <property name="java.library.path" value="C:\Program Files\Java\jdk-23\bin;C:\Windows\Sun\Java\bin;C:\Windows\system32;C:\Windows;C:\Program Files\Common Files\Oracle\Java\javapath;C:\Windows\system32;C:\Windows;C:\Windows\System32\Wbem;C:\Windows\System32\WindowsPowerShell\v1.0\;C:\Windows\System32\OpenSSH\;C:\Program Files\MATLAB\R2023b\bin;C:\Program Files\dotnet\;C:\Program Files\Java\jdk-21\bin;C:\Program Files\PuTTY\;C:\MinGW\bin;C:\Program Files\swipl\bin;C:\Program Files\Java\jdk-23\bin;C:\Program Files\Git\cmd;C:\Program Files\apache-maven-3.9.9\bin;C:\Users\Admin\AppData\Local\Programs\Python\Python313\Scripts\;C:\Users\Admin\AppData\Local\Programs\Python\Python313\;C:\Users\Admin\AppData\Local\Programs\Python\Launcher\;C:\Users\Admin\AppData\Local\Microsoft\WindowsApps;C:\Users\Admin\AppData\Local\Programs\Microsoft VS Code\bin;C:\iverilog\bin;C:\iverilog\gtkwave\bin;C:\Users\Admin\AppData\Local\Programs\MiKTeX\miktex\bin\x64\;C:\Users\Admin\AppData\Local\GitHubDesktop\bin;c:\Users\Admin\.vscode\extensions\ms-python.debugpy-2025.4.1-win32-x64\bundled\scripts\noConfigScripts;."/>
    <property name="java.vm.info" value="mixed mode, sharing"/>
    <property name="stderr.encoding" value="Cp1252"/>
    <property name="java.vendor" value="Oracle Corporation"/>
    <property name="java.vm.version" value="23.0.2+7-58"/>
    <property name="sun.io.unicode.encoding" value="UnicodeLittle"/>
    <property name="java.class.version" value="67.0"/>
  </properties>
  <testcase name="testApp" classname="com.example.AppTest" time="0.006"/>
</testsuite>